f:\oopprojects\universityjson\universityjson\x64\debug\vc143.pdb
f:\oopprojects\universityjson\universityjson\x64\debug\vc143.idb
f:\oopprojects\universityjson\universityjson\x64\debug\universityjson.obj
f:\oopprojects\universityjson\universityjson\x64\debug\university.obj
f:\oopprojects\universityjson\universityjson\x64\debug\teacher.obj
f:\oopprojects\universityjson\universityjson\x64\debug\student.obj
f:\oopprojects\universityjson\universityjson\x64\debug\rector.obj
f:\oopprojects\universityjson\universityjson\x64\debug\person.obj
f:\oopprojects\universityjson\universityjson\x64\debug\group.obj
f:\oopprojects\universityjson\x64\debug\universityjson.pdb
f:\oopprojects\universityjson\universityjson\x64\debug\universityjson.tlog\cl.command.1.tlog
f:\oopprojects\universityjson\universityjson\x64\debug\universityjson.tlog\cl.read.1.tlog
f:\oopprojects\universityjson\universityjson\x64\debug\universityjson.tlog\cl.write.1.tlog
f:\oopprojects\universityjson\universityjson\x64\debug\universityjson.tlog\link-cvtres.read.1.tlog
f:\oopprojects\universityjson\universityjson\x64\debug\universityjson.tlog\link-cvtres.write.1.tlog
f:\oopprojects\universityjson\universityjson\x64\debug\universityjson.tlog\link-rc.read.1.tlog
f:\oopprojects\universityjson\universityjson\x64\debug\universityjson.tlog\link-rc.write.1.tlog
f:\oopprojects\universityjson\universityjson\x64\debug\universityjson.tlog\link.command.1.tlog
f:\oopprojects\universityjson\universityjson\x64\debug\universityjson.tlog\link.read.1.tlog
f:\oopprojects\universityjson\universityjson\x64\debug\universityjson.tlog\link.read.2.tlog
f:\oopprojects\universityjson\universityjson\x64\debug\universityjson.tlog\link.write.1.tlog
